<?xml version="1.0" encoding="UTF-8"?>
<testsuite xmlns:xsi="http://www.w3.org/2001/XMLSchema-instance" xsi:noNamespaceSchemaLocation="https://maven.apache.org/surefire/maven-surefire-plugin/xsd/surefire-test-report-3.0.xsd" version="3.0" name="tests.google_calculator.positive.CheckingAndSendingMessagesTest" time="12.009" tests="1" errors="0" skipped="0" failures="0">
  <properties>
[...]
</properties>
  <testcase name="checkingMail" classname="tests.google_calculator.positive.CheckingAndSendingMessagesTest" time="7.787">
    <system-out><![CDATA[19:56:44.353 [ForkJoinPool-1-worker-3] INFO tests.base.BaseTest - START TIME:19:56:44.349029700
19:56:44.360 [ForkJoinPool-1-worker-3] INFO tests.base.BaseTest - Start clear reports dir: build/reports ...
]]></system-out>
    <system-err><![CDATA[Starting ChromeDriver 93.0.4577.63 (ff5c0da2ec0adeaed5550e6c7e98417dac77d98a-refs/branch-heads/4577@{#1135}) on port 32885
Only local connections are allowed.
Please see https://chromedriver.chromium.org/security-considerations for suggestions on keeping ChromeDriver safe.
ChromeDriver was started successfully.
[1633881406.632][WARNING]: This version of ChromeDriver has not been tested with Chrome version 94.
окт. 10, 2021 7:56:48 PM org.openqa.selenium.remote.ProtocolHandshake createSession
INFO: Detected dialect: W3C
]]></system-err>
  </testcase>
</testsuite>